<?xml version="1.0" encoding="UTF-8"?>
<testng-results ignored="0" total="1" passed="1" failed="0" skipped="0">
  <reporter-output>
    <line>
      <![CDATA[Your Store]]>
    </line>
    <line>
      <![CDATA[My Account]]>
    </line>
    <line>
      <![CDATA[My Account]]>
    </line>
    <line>
      <![CDATA[My Account]]>
    </line>
  </reporter-output>
  <suite started-at="2021-04-22T12:15:36 IST" name="Suite" finished-at="2021-04-22T12:25:40 IST" duration-ms="603942">
    <groups>
      <group name="cucumber">
        <method signature="AbstractTestNGCucumberTests.feature(cucumber.api.testng.CucumberFeatureWrapper)[pri:0, instance:opencartRunner.OpencartRunnerFile@3646a422]" name="feature" class="cucumber.api.testng.AbstractTestNGCucumberTests"/>
      </group> <!-- cucumber -->
    </groups>
    <test started-at="2021-04-22T12:15:36 IST" name="Test" finished-at="2021-04-22T12:25:40 IST" duration-ms="603942">
      <class name="opencartRunner.OpencartRunnerFile">
        <test-method is-config="true" signature="setUpClass()[pri:0, instance:opencartRunner.OpencartRunnerFile@3646a422]" started-at="2021-04-22T12:15:36 IST" name="setUpClass" finished-at="2021-04-22T12:15:38 IST" duration-ms="2145" status="PASS">
          <reporter-output>
          </reporter-output>
        </test-method> <!-- setUpClass -->
        <test-method signature="feature(cucumber.api.testng.CucumberFeatureWrapper)[pri:0, instance:opencartRunner.OpencartRunnerFile@3646a422]" started-at="2021-04-22T12:15:38 IST" name="feature" description="Runs Cucumber Feature" data-provider="features" finished-at="2021-04-22T12:25:38 IST" duration-ms="599153" status="PASS">
          <params>
            <param index="0">
              <value>
                <![CDATA[Open Cart.com Application TestCases (End to End validation)]]>
              </value>
            </param>
          </params>
          <reporter-output>
            <line>
              <![CDATA[Your Store]]>
            </line>
            <line>
              <![CDATA[My Account]]>
            </line>
            <line>
              <![CDATA[My Account]]>
            </line>
            <line>
              <![CDATA[My Account]]>
            </line>
          </reporter-output>
        </test-method> <!-- feature -->
        <test-method is-config="true" signature="tearDownClass()[pri:0, instance:opencartRunner.OpencartRunnerFile@3646a422]" started-at="2021-04-22T12:25:38 IST" name="tearDownClass" finished-at="2021-04-22T12:25:40 IST" duration-ms="2004" status="PASS">
          <reporter-output>
          </reporter-output>
        </test-method> <!-- tearDownClass -->
      </class> <!-- opencartRunner.OpencartRunnerFile -->
    </test> <!-- Test -->
  </suite> <!-- Suite -->
</testng-results>
